<?xml version="1.0" encoding="utf-8" standalone="no"?>
<!--This file represents the results of running a test suite-->
<test-results name="C:\dev\Personal\StorageLayer\src\StorageLayer.nunit" total="5" errors="0" failures="0" not-run="0" inconclusive="0" ignored="0" skipped="0" invalid="0" date="2011-08-31" time="20:18:15">
  <environment nunit-version="2.5.10.11092" clr-version="2.0.50727.3623" os-version="Microsoft Windows NT 5.1.2600 Service Pack 3" platform="Win32NT" cwd="C:\dev\Personal\StorageLayer\src" machine-name="COMPUTER_1" user="jonezy" user-domain="COMPUTER_1" />
  <culture-info current-culture="en-US" current-uiculture="en-US" />
  <test-suite type="Project" name="C:\dev\Personal\StorageLayer\src\StorageLayer.nunit" executed="True" result="Success" success="True" time="0.125" asserts="0">
    <results>
      <test-suite type="Assembly" name="C:\dev\Personal\StorageLayer\src\StorageLayer\bin\Debug\StorageLayer.dll" executed="True" result="Success" success="True" time="0.125" asserts="0">
        <results>
          <test-suite type="Namespace" name="StorageLayer" executed="True" result="Success" success="True" time="0.125" asserts="0">
            <results>
              <test-suite type="Namespace" name="Tests" executed="True" result="Success" success="True" time="0.125" asserts="0">
                <results>
                  <test-suite type="TestFixture" name="StorageLayerTest" executed="True" result="Success" success="True" time="0.125" asserts="0">
                    <results>
                      <test-case name="StorageLayer.Tests.StorageLayerTest.add_2_endpoint_should_do_return_count_2" executed="True" result="Success" success="True" time="0.031" asserts="1" />
                      <test-case name="StorageLayer.Tests.StorageLayerTest.add_single_endpoint_should_do_return_count_1" executed="True" result="Success" success="True" time="0.000" asserts="1" />
                      <test-case name="StorageLayer.Tests.StorageLayerTest.retreived_endpoint_should_be_null_if_not_found" executed="True" result="Success" success="True" time="0.000" asserts="1" />
                      <test-case name="StorageLayer.Tests.StorageLayerTest.retreived_endpoint_should_match_added_endpoint" executed="True" result="Success" success="True" time="0.016" asserts="1" />
                      <test-case name="StorageLayer.Tests.StorageLayerTest.retreived_endpoint_should_not_be_null" executed="True" result="Success" success="True" time="0.016" asserts="1" />
                    </results>
                  </test-suite>
                </results>
              </test-suite>
            </results>
          </test-suite>
        </results>
      </test-suite>
    </results>
  </test-suite>
</test-results>